<?xml version="1.0" encoding="UTF-8"?>
<testng-results ignored="0" total="1" passed="1" failed="0" skipped="0">
  <reporter-output>
  </reporter-output>
  <suite started-at="2021-06-29T22:39:23 PDT" name="Surefire suite" finished-at="2021-06-29T22:39:46 PDT" duration-ms="22968">
    <groups>
      <group name="cucumber">
        <method signature="AbstractTestNGCucumberTests.feature(cucumber.api.testng.CucumberFeatureWrapper)[pri:0, instance:TeestRunnirr.TestRunnor@4802796d]" name="feature" class="cucumber.api.testng.AbstractTestNGCucumberTests"/>
      </group> <!-- cucumber -->
    </groups>
    <test started-at="2021-06-29T22:39:23 PDT" name="Surefire test" finished-at="2021-06-29T22:39:46 PDT" duration-ms="22968">
      <class name="TeestRunnirr.TestRunnor">
        <test-method is-config="true" signature="setUpClass()[pri:0, instance:TeestRunnirr.TestRunnor@4802796d]" started-at="2021-06-29T22:39:23 PDT" name="setUpClass" finished-at="2021-06-29T22:39:24 PDT" duration-ms="671" status="PASS">
          <reporter-output>
          </reporter-output>
        </test-method> <!-- setUpClass -->
        <test-method signature="feature(cucumber.api.testng.CucumberFeatureWrapper)[pri:0, instance:TeestRunnirr.TestRunnor@4802796d]" started-at="2021-06-29T22:39:24 PDT" name="feature" description="Runs Cucumber Feature" data-provider="features" finished-at="2021-06-29T22:39:46 PDT" duration-ms="22048" status="PASS">
          <params>
            <param index="0">
              <value>
                <![CDATA[Free CRM Login Feature]]>
              </value>
            </param>
          </params>
          <reporter-output>
          </reporter-output>
        </test-method> <!-- feature -->
        <test-method is-config="true" signature="tearDownClass()[pri:0, instance:TeestRunnirr.TestRunnor@4802796d]" started-at="2021-06-29T22:39:46 PDT" name="tearDownClass" finished-at="2021-06-29T22:39:46 PDT" duration-ms="45" status="PASS">
          <reporter-output>
          </reporter-output>
        </test-method> <!-- tearDownClass -->
      </class> <!-- TeestRunnirr.TestRunnor -->
    </test> <!-- Surefire test -->
  </suite> <!-- Surefire suite -->
</testng-results>
