<?xml version="1.0" encoding="UTF-8"?>
<testng-results ignored="0" total="1" passed="1" failed="0" skipped="0">
  <reporter-output>
  </reporter-output>
  <suite started-at="2021-08-14T21:43:40 PDT" name="Default suite" finished-at="2021-08-14T21:44:00 PDT" duration-ms="19710">
    <groups>
      <group name="cucumber">
        <method signature="AbstractTestNGCucumberTests.feature(cucumber.api.testng.CucumberFeatureWrapper)[pri:0, instance:TeestRunnirr.TestRunnor@49dc7102]" name="feature" class="cucumber.api.testng.AbstractTestNGCucumberTests"/>
      </group> <!-- cucumber -->
    </groups>
    <test started-at="2021-08-14T21:43:40 PDT" name="Default test" finished-at="2021-08-14T21:44:00 PDT" duration-ms="19710">
      <class name="TeestRunnirr.TestRunnor">
        <test-method is-config="true" signature="setUpClass()[pri:0, instance:TeestRunnirr.TestRunnor@49dc7102]" started-at="2021-08-14T21:43:40 PDT" name="setUpClass" finished-at="2021-08-14T21:43:41 PDT" duration-ms="480" status="PASS">
          <reporter-output>
          </reporter-output>
        </test-method> <!-- setUpClass -->
        <test-method signature="feature(cucumber.api.testng.CucumberFeatureWrapper)[pri:0, instance:TeestRunnirr.TestRunnor@49dc7102]" started-at="2021-08-14T21:43:41 PDT" name="feature" description="Runs Cucumber Feature" data-provider="features" finished-at="2021-08-14T21:44:00 PDT" duration-ms="18865" status="PASS">
          <params>
            <param index="0">
              <value>
                <![CDATA[Free CRM Login Feature]]>
              </value>
            </param>
          </params>
          <reporter-output>
          </reporter-output>
        </test-method> <!-- feature -->
        <test-method is-config="true" signature="tearDownClass()[pri:0, instance:TeestRunnirr.TestRunnor@49dc7102]" started-at="2021-08-14T21:44:00 PDT" name="tearDownClass" finished-at="2021-08-14T21:44:00 PDT" duration-ms="43" status="PASS">
          <reporter-output>
          </reporter-output>
        </test-method> <!-- tearDownClass -->
      </class> <!-- TeestRunnirr.TestRunnor -->
    </test> <!-- Default test -->
  </suite> <!-- Default suite -->
</testng-results>
